%!Adobe-FontList 1.19
%Locale:0x409

%BeginFont
Handler:DirectoryHandler
FontType:TrueType
FontName:TimesNewRomanPS-ItalicMT
FamilyName:Times New Roman
StyleName:Italic
MenuName:Times New Roman
StyleBits:1
WeightClass:400
WidthClass:5
AngleClass:1
FullName:Times New Roman Italic
WritingScript:Roman
OutlineFileName:\Times New Roman Italic.ttf
DataFormat:sfntData
hasSVG:no
VariableFontType:NonVariableFont
FileLength:660268
FileModTime:1510111970
NameArray:0,Mac,4,Times New Roman Italic
NameArray:0,Win,1,Times New Roman
%EndFont

%BeginFont
Handler:DirectoryHandler
FontType:TrueType
FontName:TimesNewRomanPSMT
FamilyName:Times New Roman
StyleName:Regular
MenuName:Times New Roman
StyleBits:0
WeightClass:400
WidthClass:5
AngleClass:0
FullName:Times New Roman
WritingScript:Roman
OutlineFileName:\Times New Roman.ttf
DataFormat:sfntData
hasSVG:no
VariableFontType:NonVariableFont
FileLength:834452
FileModTime:1510111969
NameArray:0,Mac,4,Times New Roman
NameArray:0,Win,1,Times New Roman
%EndFont

%BeginFont
Handler:DirectoryHandler
FontType:TrueType
FontName:Courier
FamilyName:Courier
StyleName:Regular
MenuName:Courier
StyleBits:0
WeightClass:400
WidthClass:5
AngleClass:0
FullName:Courier
WritingScript:Roman
OutlineFileName:\Courier.dfont
DataFormat:sfntResource
ResourceID:24011
hasSVG:no
VariableFontType:NonVariableFont
FileLength:1649525
FileModTime:1510111968
NameArray:0,Mac,4,Courier
%EndFont

%BeginFont
Handler:DirectoryHandler
FontType:TrueType
FontName:Courier-Bold
FamilyName:Courier
StyleName:Bold
MenuName:Courier
StyleBits:2
WeightClass:700
WidthClass:5
AngleClass:0
FullName:Courier Bold
WritingScript:Roman
OutlineFileName:\Courier.dfont
DataFormat:sfntResource
ResourceID:27224
hasSVG:no
VariableFontType:NonVariableFont
FileLength:1649525
FileModTime:1510111968
NameArray:0,Mac,4,Courier Bold
NameArray:0,Mac,4,Courier Gras
NameArray:0,Mac,4,Courier Fett
NameArray:0,Mac,4,Courier grassetto
NameArray:0,Mac,4,Courier vet
NameArray:0,Mac,4,Courier Fet
NameArray:0,Mac,4,Courier Negrita
NameArray:0,Mac,4,Courier Carregado
NameArray:0,Mac,4,Courier Halvfet
NameArray:0,Mac,4,Courier lihava
NameArray:4,Mac,4,Courier‭ ‬أسود
NameArray:4,Mac,4,Courier‭ ‬برجسته
NameArray:5,Mac,4,Courier‭ ‬עבה
%EndFont

%BeginFont
Handler:DirectoryHandler
FontType:TrueType
FontName:Courier-Oblique
FamilyName:Courier
StyleName:Oblique
MenuName:Courier
StyleBits:1
WeightClass:400
WidthClass:5
AngleClass:1
FullName:Courier Oblique
WritingScript:Roman
OutlineFileName:\Courier.dfont
DataFormat:sfntResource
ResourceID:12456
hasSVG:no
VariableFontType:NonVariableFont
FileLength:1649525
FileModTime:1510111968
NameArray:0,Mac,18,Courier Oblique
NameArray:0,Mac,4,Courier Oblique
%EndFont

%BeginFont
Handler:DirectoryHandler
FontType:TrueType
FontName:Courier-BoldOblique
FamilyName:Courier
StyleName:Bold Oblique
MenuName:Courier
StyleBits:3
WeightClass:700
WidthClass:5
AngleClass:1
FullName:Courier Bold Oblique
WritingScript:Roman
OutlineFileName:\Courier.dfont
DataFormat:sfntResource
ResourceID:28062
hasSVG:no
VariableFontType:NonVariableFont
FileLength:1649525
FileModTime:1510111968
NameArray:0,Mac,18,Courier Bold Oblique
NameArray:0,Mac,4,Courier Bold Oblique
%EndFont

%BeginFont
Handler:DirectoryHandler
FontType:Suitcase
FontName:Courier
OutlineFileName:\Courier.dfont
ResourceID:22
MacStyle:0
FileLength:1649525
FileModTime:1510111968
%EndFont

%BeginFont
Handler:DirectoryHandler
FontType:Suitcase
FontName:Courier-Bold
OutlineFileName:\Courier.dfont
ResourceID:22
MacStyle:1
FileLength:1649525
FileModTime:1510111968
%EndFont

%BeginFont
Handler:DirectoryHandler
FontType:Suitcase
FontName:Courier-Oblique
OutlineFileName:\Courier.dfont
ResourceID:22
MacStyle:2
FileLength:1649525
FileModTime:1510111968
%EndFont

%BeginFont
Handler:DirectoryHandler
FontType:Suitcase
FontName:Courier-BoldOblique
OutlineFileName:\Courier.dfont
ResourceID:22
MacStyle:3
FileLength:1649525
FileModTime:1510111968
%EndFont

